<?xml version="1.0" encoding="UTF-8"?>
<testsuite xmlns:xsi="http://www.w3.org/2001/XMLSchema-instance" xsi:noNamespaceSchemaLocation="https://maven.apache.org/surefire/maven-surefire-plugin/xsd/surefire-test-report.xsd" name="rs.edu.raf.banka.user_service.UserServiceTest" time="0.597" tests="8" errors="0" skipped="0" failures="0">
  <properties>
[...]
</properties>
  <testcase name="testGetUserByEmail" classname="rs.edu.raf.banka.user_service.UserServiceTest" time="0.557"/>
  <testcase name="testGetUsers" classname="rs.edu.raf.banka.user_service.UserServiceTest" time="0.005"/>
  <testcase name="testGetUserByEmailInvalid" classname="rs.edu.raf.banka.user_service.UserServiceTest" time="0.002"/>
  <testcase name="testGetUser" classname="rs.edu.raf.banka.user_service.UserServiceTest" time="0.003"/>
  <testcase name="testGetUserInvalid" classname="rs.edu.raf.banka.user_service.UserServiceTest" time="0.001"/>
  <testcase name="testDeleteAdminFail" classname="rs.edu.raf.banka.user_service.UserServiceTest" time="0.002"/>
  <testcase name="testFindUserById" classname="rs.edu.raf.banka.user_service.UserServiceTest" time="0.003"/>
  <testcase name="testDeleteUser" classname="rs.edu.raf.banka.user_service.UserServiceTest" time="0.002"/>
</testsuite>